<?xml version="1.0" encoding="UTF-8"?>
<testng-results total="5" passed="5" failed="0" skipped="0">
  <reporter-output>
  </reporter-output>
  <suite started-at="2022-02-10T11:54:58Z" name="Surefire suite" finished-at="2022-02-10T11:55:13Z" duration-ms="14255">
    <groups>
    </groups>
    <test started-at="2022-02-10T11:54:58Z" name="Surefire test" finished-at="2022-02-10T11:55:13Z" duration-ms="14255">
      <class name="sauceDemo.Tester">
        <test-method is-config="true" signature="f()[pri:0, instance:sauceDemo.Tester@7f416310]" started-at="2022-02-10T14:54:58Z" name="f" finished-at="2022-02-10T14:55:02Z" duration-ms="3172" status="PASS">
          <reporter-output>
          </reporter-output>
        </test-method> <!-- f -->
        <test-method signature="launchBrowser()[pri:0, instance:sauceDemo.Tester@7f416310]" started-at="2022-02-10T14:55:02Z" name="launchBrowser" finished-at="2022-02-10T14:55:10Z" duration-ms="8268" status="PASS">
          <reporter-output>
          </reporter-output>
        </test-method> <!-- launchBrowser -->
        <test-method signature="Login()[pri:0, instance:sauceDemo.Tester@7f416310]" started-at="2022-02-10T14:55:10Z" name="Login" finished-at="2022-02-10T14:55:10Z" duration-ms="508" status="PASS">
          <reporter-output>
          </reporter-output>
        </test-method> <!-- Login -->
        <test-method signature="addItemsToCart()[pri:0, instance:sauceDemo.Tester@7f416310]" started-at="2022-02-10T14:55:10Z" name="addItemsToCart" finished-at="2022-02-10T14:55:11Z" duration-ms="629" status="PASS">
          <reporter-output>
          </reporter-output>
        </test-method> <!-- addItemsToCart -->
        <test-method signature="removeItemFromCart()[pri:0, instance:sauceDemo.Tester@7f416310]" started-at="2022-02-10T14:55:11Z" name="removeItemFromCart" finished-at="2022-02-10T14:55:11Z" depends-on-methods="sauceDemo.Tester.addItemsToCart" duration-ms="105" status="PASS">
          <reporter-output>
          </reporter-output>
        </test-method> <!-- removeItemFromCart -->
        <test-method signature="checkoutItems()[pri:0, instance:sauceDemo.Tester@7f416310]" started-at="2022-02-10T14:55:11Z" name="checkoutItems" finished-at="2022-02-10T14:55:12Z" depends-on-methods="sauceDemo.Tester.removeItemFromCart" duration-ms="743" status="PASS">
          <reporter-output>
          </reporter-output>
        </test-method> <!-- checkoutItems -->
        <test-method is-config="true" signature="closeBrowser()[pri:0, instance:sauceDemo.Tester@7f416310]" started-at="2022-02-10T14:55:12Z" name="closeBrowser" finished-at="2022-02-10T14:55:13Z" duration-ms="816" status="PASS">
          <reporter-output>
          </reporter-output>
        </test-method> <!-- closeBrowser -->
      </class> <!-- sauceDemo.Tester -->
    </test> <!-- Surefire test -->
  </suite> <!-- Surefire suite -->
</testng-results>
