<?xml version="1.0" encoding="UTF-8"?>
<testsuite xmlns:xsi="http://www.w3.org/2001/XMLSchema-instance" xsi:noNamespaceSchemaLocation="https://maven.apache.org/surefire/maven-surefire-plugin/xsd/surefire-test-report.xsd" name="sauceDemo.Tester" time="14.77" tests="5" errors="0" skipped="0" failures="0">
  <properties>
[...]
</properties>
  <testcase name="launchBrowser" classname="sauceDemo.Tester" time="8.269"/>
  <testcase name="Login" classname="sauceDemo.Tester" time="0.507"/>
  <testcase name="addItemsToCart" classname="sauceDemo.Tester" time="0.63"/>
  <testcase name="removeItemFromCart" classname="sauceDemo.Tester" time="0.105"/>
  <testcase name="checkoutItems" classname="sauceDemo.Tester" time="0.744"/>
</testsuite>